***************************
 WS2812 CONTROLLER STARTUP 
 Web Server listening at the location below, or by host name and port. 
 http://10.0.0.229:80
***************************
Going rainbow mode.
***************************
 WS2812 CONTROLLER STARTUP 
 Web Server listening at the location below, or by host name and port. 
 http://10.0.0.229:80
***************************
Going rainbow mode.
Stopped strip
Stopped strip
Going rainbow mode.
Going rainbow mode.
Going rainbow mode.
Going rainbow mode.
Going rainbow mode.
Stopped strip
Stopped strip
Stopped strip
Stopped strip
Stopped strip
Going rainbow mode.
Going rainbow mode.
Going rainbow mode.
Going rainbow mode.
Going rainbow mode.
Going rainbow mode.
Going rainbow mode.
Going rainbow mode.
Going rainbow mode.
Going rainbow mode.
Going rainbow mode.
Going rainbow mode.
Going rainbow mode.
Going rainbow mode.
Going rainbow mode.
Stopped strip
Stopped strip
Stopped strip
Stopped strip
Stopped strip
Stopped strip
Issuing reboot command.
